<?xml version="1.0" encoding="UTF-8"?>
<!-- Generated by org.testng.reporters.JUnitReportReporter -->
<testsuite hostname="Ivana-PC" failures="0" tests="1" name="tests.DemoTest" time="15.438" errors="0" timestamp="2021-02-04T20:35:38 CET" skipped="0">
  <testcase classname="tests.DemoTest" name="preKlase" time="15.438"/>
  <system-out/>
</testsuite> <!-- tests.DemoTest -->
