<?xml version="1.0" encoding="UTF-8"?>
<!-- Generated by org.testng.reporters.JUnitReportReporter -->
<testsuite hostname="Ivana-PC" failures="0" tests="1" name="tests.DemoTest" time="10.012" errors="0" timestamp="2021-02-04T21:33:05 CET" skipped="0">
  <testcase classname="tests.DemoTest" name="preKlase" time="10.012"/>
  <system-out/>
</testsuite> <!-- tests.DemoTest -->
